#
# A fatal error has been detected by the Java Runtime Environment:
#
#  Internal Error (0xc0020001), pid=4216, tid=3240
#
# JRE version: Java(TM) SE Runtime Environment (8.0_65-b17) (build 1.8.0_65-b17)
# Java VM: Java HotSpot(TM) Client VM (25.65-b01 mixed mode windows-x86 )
# Problematic frame:
# C  [KERNELBASE.dll+0x15b68]
#
# Failed to write core dump. Minidumps are not enabled by default on client versions of Windows
#
# If you would like to submit a bug report, please visit:
#   http://bugreport.java.com/bugreport/crash.jsp
# The crash happened outside the Java Virtual Machine in native code.
# See problematic frame for where to report the bug.
#

---------------  T H R E A D  ---------------

Current thread (0x227ca000):  JavaThread "Thread-2" daemon [_thread_in_native, id=3240, stack(0x06f00000,0x07000000)]

siginfo: ExceptionCode=0xc0020001, ExceptionInformation=0x8007042b 

Registers:
EAX=0x06ffe0a0, EBX=0x224b0d48, ECX=0x00000001, EDX=0x00000000
ESP=0x06ffe0a0, EBP=0x06ffe0fc, ESI=0x00f0b2f0, EDI=0x227ca000
EIP=0x74d45b68, EFLAGS=0x00000216

Top of Stack: (sp=0x06ffe0a0)
0x06ffe0a0:   c0020001 00000001 00000000 74d45b68
0x06ffe0b0:   00000001 8007042b 224c6f4e 224c6f4e
0x06ffe0c0:   227ca000 00000000 224c4538 227ca000
0x06ffe0d0:   06ffe0fc 6318c516 227ca000 6318c5f2
0x06ffe0e0:   227d3cc0 227ca000 224c7070 224c4538
0x06ffe0f0:   06ffe19c af5916fb 100b2bc8 06ffe118
0x06ffe100:   6972f47b c0020001 00000001 00000001
0x06ffe110:   06ffe114 8007042b 06ffe128 696be29e 

Instructions: (pc=0x74d45b68)
0x74d45b48:   e0 01 c7 44 24 0c 20 5b d4 74 89 44 24 04 85 c9
0x74d45b58:   75 1f 21 4c 24 10 8d 04 24 50 ff 15 2c 63 df 74
0x74d45b68:   8b 4c 24 54 33 cc e8 41 91 ff ff 8b e5 5d c2 10
0x74d45b78:   00 8b 45 10 83 f8 0f 77 18 89 44 24 10 c1 e0 02 


Register to memory mapping:

EAX=0x06ffe0a0 is pointing into the stack for thread: 0x227ca000
EBX={method} {0x224b0d4c} 'setProgress' '(II)V' in 'flash/tools/debugger/__IProgress'
ECX=0x00000001 is an unknown value
EDX=0x00000000 is an unknown value
ESP=0x06ffe0a0 is pointing into the stack for thread: 0x227ca000
EBP=0x06ffe0fc is pointing into the stack for thread: 0x227ca000
ESI=0x00f0b2f0 is an unknown value
EDI=0x227ca000 is a thread


Stack: [0x06f00000,0x07000000],  sp=0x06ffe0a0,  free space=1016k
Native frames: (J=compiled Java code, j=interpreted, Vv=VM code, C=native code)
C  [KERNELBASE.dll+0x15b68]
C  [mscorwks.dll+0x24f47b]
C  [mscorwks.dll+0x1de29e]
C  [mscorwks.dll+0x1e8d]
J 113  flash.tools.debugger.__IProgress.setProgress(II)V (0 bytes) @ 0x10178ede [0x10178e50+0x8e]
j  flash.tools.debugger.concrete.PlayerSessionManager.accept(Lflash/tools/debugger/concrete/ProcessListener;Lflash/tools/debugger/IProgress;)Lflash/tools/debugger/Session;+96
j  flash.tools.debugger.concrete.PlayerSessionManager.accept(Lflash/tools/debugger/IProgress;)Lflash/tools/debugger/Session;+3
v  ~StubRoutines::call_stub
V  [jvm.dll+0x158985]
V  [jvm.dll+0x21df3e]
V